Arguments: 
  /Users/yishida/.nodebrew/node/v11.14.0/bin/node /usr/local/Cellar/yarn/1.16.0/libexec/bin/yarn.js install

PATH: 
  /Users/yishida/.goenv/shims:/Users/yishida/.goenv/bin:/Users/yishida/.pyenv/shims:/Users/yishida/.pyenv/bin:/Users/yishida/.nodebrew/current/bin:/Users/yishida/.rbenv/shims:/usr/local/bin:/usr/local/sbin:/usr/bin:/bin:/usr/sbin:/sbin:/Library/TeX/texbin

Yarn version: 
  1.16.0

Node version: 
  11.14.0

Platform: 
  darwin x64

Trace: 
  SyntaxError: /Users/yishida/Documents/lecture/pbl/meshireach-vue/package.json: Unexpected string in JSON at position 468
      at JSON.parse (<anonymous>)
      at /usr/local/Cellar/yarn/1.16.0/libexec/lib/cli.js:1625:59
      at Generator.next (<anonymous>)
      at step (/usr/local/Cellar/yarn/1.16.0/libexec/lib/cli.js:304:30)
      at /usr/local/Cellar/yarn/1.16.0/libexec/lib/cli.js:315:13

npm manifest: 
  {
    "name": "meshireach",
    "version": "1.0.0",
    "description": "View of meshireach",
    "author": "sunflower-atelier",
    "private": true,
    "scripts": {
      "dev": "nuxt",
      "build": "nuxt build",
      "start": "nuxt start",
      "generate": "nuxt generate",
      "lint": "eslint --ext .js,.vue --ignore-path .gitignore .",
      "precommit": "npm run lint"
    },
    "dependencies": {
      "@nuxtjs/axios": "^5.5.3",
      "@nuxtjs/proxy": "^1.3.3",
      "nuxt": "^2.0.0"
      "element-ui": "^2.9.1",
      "style-loader": "^0.23.1"
    },
    "devDependencies": {
      "babel-eslint": "^10.0.1",
      "eslint": "^4.19.1",
      "eslint-friendly-formatter": "^4.0.1",
      "eslint-loader": "^2.1.1",
      "eslint-plugin-vue": "^4.0.0",
      "node-sass": "^4.12.0",
      "sass-loader": "^7.1.0"
    }
  }

yarn manifest: 
  No manifest

Lockfile: 
  No lockfile
